Using pre-set license
Built from '2021.3/staging' branch; Version is '2021.3.32f1 (3b9dae9532f5) revision 3906990'; Using compiler version '192829333'; Build Type 'Release'
OS: 'Windows 11  (10.0.26200) 64bit Core' Language: 'cs' Physical Memory: 16219 MB
BatchMode: 1, IsHumanControllingUs: 0, StartBugReporterOnCrash: 0, Is64bit: 1, IsPro: 1

COMMAND LINE ARGUMENTS:
C:\Program Files\Unity\Hub\Editor\2021.3.32f1\Editor\Unity.exe
-adb2
-batchMode
-noUpm
-name
AssetImportWorker0
-projectPath
C:/Users/simon/OneDrive/Dokumenty/GitHub/The-Last-Bounty/Wanted-Dead or alive
-logFile
Logs/AssetImportWorker0.log
-srvPort
53553
Successfully changed project path to: C:/Users/simon/OneDrive/Dokumenty/GitHub/The-Last-Bounty/Wanted-Dead or alive
C:/Users/simon/OneDrive/Dokumenty/GitHub/The-Last-Bounty/Wanted-Dead or alive
[UnityMemory] Configuration Parameters - Can be set up in boot.config
    "memorysetup-bucket-allocator-granularity=16"
    "memorysetup-bucket-allocator-bucket-count=8"
    "memorysetup-bucket-allocator-block-size=33554432"
    "memorysetup-bucket-allocator-block-count=8"
    "memorysetup-main-allocator-block-size=16777216"
    "memorysetup-thread-allocator-block-size=16777216"
    "memorysetup-gfx-main-allocator-block-size=16777216"
    "memorysetup-gfx-thread-allocator-block-size=16777216"
    "memorysetup-cache-allocator-block-size=4194304"
    "memorysetup-typetree-allocator-block-size=2097152"
    "memorysetup-profiler-bucket-allocator-granularity=16"
    "memorysetup-profiler-bucket-allocator-bucket-count=8"
    "memorysetup-profiler-bucket-allocator-block-size=33554432"
    "memorysetup-profiler-bucket-allocator-block-count=8"
    "memorysetup-profiler-allocator-block-size=16777216"
    "memorysetup-profiler-editor-allocator-block-size=1048576"
    "memorysetup-temp-allocator-size-main=16777216"
    "memorysetup-job-temp-allocator-block-size=2097152"
    "memorysetup-job-temp-allocator-block-size-background=1048576"
    "memorysetup-job-temp-allocator-reduction-small-platforms=262144"
    "memorysetup-temp-allocator-size-background-worker=32768"
    "memorysetup-temp-allocator-size-job-worker=262144"
    "memorysetup-temp-allocator-size-preload-manager=33554432"
    "memorysetup-temp-allocator-size-nav-mesh-worker=65536"
    "memorysetup-temp-allocator-size-audio-worker=65536"
    "memorysetup-temp-allocator-size-cloud-worker=32768"
    "memorysetup-temp-allocator-size-gi-baking-worker=262144"
    "memorysetup-temp-allocator-size-gfx=262144"
Player connection [2516] Host "[IP] 192.168.56.1 [Port] 0 [Flags] 2 [Guid] 90613388 [EditorId] 90613388 [Version] 1048832 [Id] WindowsEditor(7,SimonRuza) [Debug] 1 [PackageName] WindowsEditor [ProjectName] Editor" joined multi-casting on [225.0.0.222:54997]...

Player connection [2516] Host "[IP] 192.168.56.1 [Port] 0 [Flags] 2 [Guid] 90613388 [EditorId] 90613388 [Version] 1048832 [Id] WindowsEditor(7,SimonRuza) [Debug] 1 [PackageName] WindowsEditor [ProjectName] Editor" joined alternative multi-casting on [225.0.0.222:34997]...

[Physics::Module] Initialized MultithreadedJobDispatcher with {0} workers.
Refreshing native plugins compatible for Editor in 87.15 ms, found 3 plugins.
Preloading 0 native plugins for Editor in 0.00 ms.
Initialize engine version: 2021.3.32f1 (3b9dae9532f5)
[Subsystems] Discovering subsystems at path C:/Program Files/Unity/Hub/Editor/2021.3.32f1/Editor/Data/Resources/UnitySubsystems
[Subsystems] Discovering subsystems at path C:/Users/simon/OneDrive/Dokumenty/GitHub/The-Last-Bounty/Wanted-Dead or alive/Assets
GfxDevice: creating device client; threaded=0; jobified=0
Direct3D:
    Version:  Direct3D 11.0 [level 11.1]
    Renderer: NVIDIA GeForce RTX 3060 Laptop GPU (ID=0x2560)
    Vendor:   NVIDIA
    VRAM:     5994 MB
    Driver:   32.0.15.9144
Initialize mono
Mono path[0] = 'C:/Program Files/Unity/Hub/Editor/2021.3.32f1/Editor/Data/Managed'
Mono path[1] = 'C:/Program Files/Unity/Hub/Editor/2021.3.32f1/Editor/Data/MonoBleedingEdge/lib/mono/unityjit-win32'
Mono config path = 'C:/Program Files/Unity/Hub/Editor/2021.3.32f1/Editor/Data/MonoBleedingEdge/etc'
Using monoOptions --debugger-agent=transport=dt_socket,embedding=1,server=y,suspend=n,address=127.0.0.1:56356
Begin MonoManager ReloadAssembly
Registering precompiled unity dll's ...
Register platform support module: C:/Program Files/Unity/Hub/Editor/2021.3.32f1/Editor/Data/PlaybackEngines/WindowsStandaloneSupport/UnityEditor.WindowsStandalone.Extensions.dll
Registered in 0.006633 seconds.
Native extension for WindowsStandalone target not found
Refreshing native plugins compatible for Editor in 83.76 ms, found 3 plugins.
Preloading 0 native plugins for Editor in 0.00 ms.
Mono: successfully reloaded assembly
- Completed reload, in  0.596 seconds
Domain Reload Profiling:
	ReloadAssembly (597ms)
		BeginReloadAssembly (91ms)
			ExecutionOrderSort (0ms)
			DisableScriptedObjects (0ms)
			BackupInstance (0ms)
			ReleaseScriptingObjects (0ms)
			CreateAndSetChildDomain (1ms)
		EndReloadAssembly (414ms)
			LoadAssemblies (87ms)
			RebuildTransferFunctionScriptingTraits (0ms)
			SetupTypeCache (94ms)
			ReleaseScriptCaches (0ms)
			RebuildScriptCaches (24ms)
			SetupLoadedEditorAssemblies (257ms)
				LogAssemblyErrors (0ms)
				InitializePlatformSupportModulesInManaged (7ms)
				SetLoadedEditorAssemblies (0ms)
				RefreshPlugins (84ms)
				BeforeProcessingInitializeOnLoad (1ms)
				ProcessInitializeOnLoadAttributes (123ms)
				ProcessInitializeOnLoadMethodAttributes (42ms)
				AfterProcessingInitializeOnLoad (0ms)
				EditorAssembliesLoaded (0ms)
			ExecutionOrderSort2 (0ms)
			AwakeInstancesAfterBackupRestoration (0ms)
Platform modules already initialized, skipping
Registering precompiled user dll's ...
Registered in 0.006245 seconds.
Begin MonoManager ReloadAssembly
Native extension for WindowsStandalone target not found
Refreshing native plugins compatible for Editor in 88.53 ms, found 3 plugins.
Preloading 0 native plugins for Editor in 0.00 ms.
Mono: successfully reloaded assembly
- Completed reload, in  1.215 seconds
Domain Reload Profiling:
	ReloadAssembly (1216ms)
		BeginReloadAssembly (123ms)
			ExecutionOrderSort (0ms)
			DisableScriptedObjects (5ms)
			BackupInstance (0ms)
			ReleaseScriptingObjects (0ms)
			CreateAndSetChildDomain (16ms)
		EndReloadAssembly (994ms)
			LoadAssemblies (106ms)
			RebuildTransferFunctionScriptingTraits (0ms)
			SetupTypeCache (243ms)
			ReleaseScriptCaches (1ms)
			RebuildScriptCaches (46ms)
			SetupLoadedEditorAssemblies (587ms)
				LogAssemblyErrors (0ms)
				InitializePlatformSupportModulesInManaged (7ms)
				SetLoadedEditorAssemblies (0ms)
				RefreshPlugins (89ms)
				BeforeProcessingInitializeOnLoad (77ms)
				ProcessInitializeOnLoadAttributes (375ms)
				ProcessInitializeOnLoadMethodAttributes (26ms)
				AfterProcessingInitializeOnLoad (13ms)
				EditorAssembliesLoaded (0ms)
			ExecutionOrderSort2 (0ms)
			AwakeInstancesAfterBackupRestoration (8ms)
Platform modules already initialized, skipping
========================================================================
Worker process is ready to serve import requests
Launched and connected shader compiler UnityShaderCompiler.exe after 0.05 seconds
Refreshing native plugins compatible for Editor in 1.05 ms, found 3 plugins.
Preloading 0 native plugins for Editor in 0.00 ms.
Unloading 3890 Unused Serialized files (Serialized files now loaded: 0)
Unloading 48 unused Assets / (1.5 MB). Loaded Objects now: 4365.
Memory consumption went from 169.7 MB to 168.2 MB.
Total: 3.102300 ms (FindLiveObjects: 0.292900 ms CreateObjectMapping: 0.107000 ms MarkObjects: 2.402400 ms  DeleteObjects: 0.298900 ms)

AssetImportParameters requested are different than current active one (requested -> active):
  custom:video-decoder-ogg-theora: a1e56fd34408186e4bbccfd4996cb3dc -> 
  custom:container-muxer-webm: aa71ff27fc2769a1b78a27578f13a17b -> 
  custom:container-demuxer-webm: 4f35f7cbe854078d1ac9338744f61a02 -> 
  custom:video-encoder-webm-vp8: eb34c28f22e8b96e1ab97ce403110664 -> 
  custom:video-codec-MediaFoundation-h265: 746d11721c4dcdbdad8f713fa42b33f4 -> 
  custom:CustomObjectIndexerAttribute: bc11b3a6c3213fcdd17b65e7da85e133 -> 
  custom:audio-encoder-webm-vorbis: bf7c407c2cedff20999df2af8eb42d56 -> 
  custom:framework-win-MediaFoundation: 216162199b28c13a410421893ffa2e32 -> 
  custom:SearchIndexIgnoredProperties: e643bd26f0fe6173181afceb89e7c659 -> 
  custom:container-demuxer-ogg: 62fdf1f143b41e24485cea50d1cbac27 -> 
  custom:video-decoder-webm-vp8: 9c59270c3fd7afecdb556c50c9e8de78 -> 
  custom:audio-decoder-ogg-vorbis: bf7c407c2cedff20999df2af8eb42d56 -> 
========================================================================
Received Import Request.
  Time since last request: 3464.572312 seconds.
  path: Assets/Cube (1).prefab
  artifactKey: Guid(20646006a9c3ee346ba07aa4f381601b) Importer(815301076,1909f56bfc062723c751e8b465ee728b)
Number of updated assets reloaded before import = 0
Start importing Assets/Cube (1).prefab using Guid(20646006a9c3ee346ba07aa4f381601b) Importer(815301076,1909f56bfc062723c751e8b465ee728b)  -> (artifact id: 'dea67eb8a0167099e2db4a6147646fad') in 0.115002 seconds 
Number of asset objects unloaded after import = 9
========================================================================
Received Import Request.
  Time since last request: 4.605264 seconds.
  path: Assets/Milan.asset
  artifactKey: Guid(2929c6cbcc37e9a4eb02f1a0f5650e47) Importer(815301076,1909f56bfc062723c751e8b465ee728b)
Number of updated assets reloaded before import = 0
Start importing Assets/Milan.asset using Guid(2929c6cbcc37e9a4eb02f1a0f5650e47) Importer(815301076,1909f56bfc062723c751e8b465ee728b)  -> (artifact id: '4fbb7be48febe00ba9554987aa083a1b') in 0.004015 seconds 
Number of asset objects unloaded after import = 1
========================================================================
Received Import Request.
  Time since last request: 20.410010 seconds.
  path: Assets/Other/Bullet.prefab
  artifactKey: Guid(8ca4d988d2ba93c40ad6a9bbbbd10457) Importer(815301076,1909f56bfc062723c751e8b465ee728b)
Number of updated assets reloaded before import = 0
Start importing Assets/Other/Bullet.prefab using Guid(8ca4d988d2ba93c40ad6a9bbbbd10457) Importer(815301076,1909f56bfc062723c751e8b465ee728b)  -> (artifact id: 'faae12367a615214e0c8bfb42a36dfa3') in 0.019052 seconds 
Number of asset objects unloaded after import = 12
========================================================================
Received Import Request.
  Time since last request: 0.000021 seconds.
  path: Assets/PolygonWestern/Prefabs/Characters/Character_Cowgirl_01.prefab
  artifactKey: Guid(24362449162558a49bc6904c0fda923a) Importer(815301076,1909f56bfc062723c751e8b465ee728b)
Number of updated assets reloaded before import = 0
Start importing Assets/PolygonWestern/Prefabs/Characters/Character_Cowgirl_01.prefab using Guid(24362449162558a49bc6904c0fda923a) Importer(815301076,1909f56bfc062723c751e8b465ee728b)  -> (artifact id: '7890ac64f47f14fdb0b8473a11892717') in 0.062532 seconds 
Number of asset objects unloaded after import = 139
========================================================================
Received Import Request.
  Time since last request: 0.000028 seconds.
  path: Assets/PolygonWestern/Prefabs/Buildings/SM_Bld_DeckSteps_01.prefab
  artifactKey: Guid(64eca49761c272c47a1d5e7550322be9) Importer(815301076,1909f56bfc062723c751e8b465ee728b)
Number of updated assets reloaded before import = 0
Start importing Assets/PolygonWestern/Prefabs/Buildings/SM_Bld_DeckSteps_01.prefab using Guid(64eca49761c272c47a1d5e7550322be9) Importer(815301076,1909f56bfc062723c751e8b465ee728b)  -> (artifact id: '9ceb7de1b7d55121ad263dcbb427dbdb') in 0.133540 seconds 
Number of asset objects unloaded after import = 12
========================================================================
Received Import Request.
  Time since last request: 0.000021 seconds.
  path: Assets/PolygonNatureBiomes/PNB_Core/Prefabs/FX_Snow_01.prefab
  artifactKey: Guid(73bd0be678270ca4e85be3edf52d3185) Importer(815301076,1909f56bfc062723c751e8b465ee728b)
Number of updated assets reloaded before import = 0
Start importing Assets/PolygonNatureBiomes/PNB_Core/Prefabs/FX_Snow_01.prefab using Guid(73bd0be678270ca4e85be3edf52d3185) Importer(815301076,1909f56bfc062723c751e8b465ee728b)  -> (artifact id: 'c7c334a36628e7897b9ce8375616ad16') in 0.019489 seconds 
Number of asset objects unloaded after import = 8
========================================================================
Received Import Request.
  Time since last request: 0.000030 seconds.
  path: Assets/PolygonWestern/Models/Colliders/SM_Bld_Double_Balcony_01_Collisions.fbx
  artifactKey: Guid(aba8d86c412eead4bbef476062489e5a) Importer(815301076,1909f56bfc062723c751e8b465ee728b)
Number of updated assets reloaded before import = 0
Start importing Assets/PolygonWestern/Models/Colliders/SM_Bld_Double_Balcony_01_Collisions.fbx using Guid(aba8d86c412eead4bbef476062489e5a) Importer(815301076,1909f56bfc062723c751e8b465ee728b)  -> (artifact id: '91785ed5b4e80f77bc403d6c10de6cd6') in 0.063647 seconds 
Number of asset objects unloaded after import = 10
========================================================================
Received Import Request.
  Time since last request: 0.000026 seconds.
  path: Assets/PolygonWestern/Prefabs/Characters/Character_Gunman_01.prefab
  artifactKey: Guid(e3d9a5b7a19f9684d9b63308cdfa95bd) Importer(815301076,1909f56bfc062723c751e8b465ee728b)
Number of updated assets reloaded before import = 0
Start importing Assets/PolygonWestern/Prefabs/Characters/Character_Gunman_01.prefab using Guid(e3d9a5b7a19f9684d9b63308cdfa95bd) Importer(815301076,1909f56bfc062723c751e8b465ee728b)  -> (artifact id: '8c3d0a7cc23f0224747283f6f045a1d8') in 0.020460 seconds 
Number of asset objects unloaded after import = 139
========================================================================
Received Import Request.
  Time since last request: 0.000024 seconds.
  path: Assets/PolygonWestern/Models/SkyDome.fbx
  artifactKey: Guid(1340630fb7a3267499177be33f281f05) Importer(815301076,1909f56bfc062723c751e8b465ee728b)
Number of updated assets reloaded before import = 0
Start importing Assets/PolygonWestern/Models/SkyDome.fbx using Guid(1340630fb7a3267499177be33f281f05) Importer(815301076,1909f56bfc062723c751e8b465ee728b)  -> (artifact id: '5b7cf36cb14e5938781d06b819245e26') in 0.039515 seconds 
Number of asset objects unloaded after import = 26
========================================================================
Received Import Request.
  Time since last request: 0.000019 seconds.
  path: Assets/PolygonWestern/Prefabs/FX/FX_Dust_Blowing_01.prefab
  artifactKey: Guid(6b2d1d33fdbf1a340a25ad352c47f593) Importer(815301076,1909f56bfc062723c751e8b465ee728b)
Number of updated assets reloaded before import = 0
Start importing Assets/PolygonWestern/Prefabs/FX/FX_Dust_Blowing_01.prefab using Guid(6b2d1d33fdbf1a340a25ad352c47f593) Importer(815301076,1909f56bfc062723c751e8b465ee728b)  -> (artifact id: '2091a6108517c4f5bc91a20d817ffbc2') in 0.010878 seconds 
Number of asset objects unloaded after import = 7
========================================================================
Received Import Request.
  Time since last request: 0.000020 seconds.
  path: Assets/PolygonNatureBiomes/PNB_Tropical_Jungle/FX/FX_Prefabs/FX_SunBeam_01.prefab
  artifactKey: Guid(8b376fde4d5c3ae43b7238618d107cb5) Importer(815301076,1909f56bfc062723c751e8b465ee728b)
Number of updated assets reloaded before import = 0
Start importing Assets/PolygonNatureBiomes/PNB_Tropical_Jungle/FX/FX_Prefabs/FX_SunBeam_01.prefab using Guid(8b376fde4d5c3ae43b7238618d107cb5) Importer(815301076,1909f56bfc062723c751e8b465ee728b)  -> (artifact id: 'd8662b31d40aef1bd1813f7ce5d23d9d') in 0.037082 seconds 
Number of asset objects unloaded after import = 9
========================================================================
Received Import Request.
  Time since last request: 0.000031 seconds.
  path: Assets/PolygonNatureBiomes/PNB_Core/Prefabs/FX_Rain_01.prefab
  artifactKey: Guid(32b4889a0597f4643946f922c4161e40) Importer(815301076,1909f56bfc062723c751e8b465ee728b)
Number of updated assets reloaded before import = 0
Start importing Assets/PolygonNatureBiomes/PNB_Core/Prefabs/FX_Rain_01.prefab using Guid(32b4889a0597f4643946f922c4161e40) Importer(815301076,1909f56bfc062723c751e8b465ee728b)  -> (artifact id: '294b2785e4a7805c4a36b199235208a2') in 0.011354 seconds 
Number of asset objects unloaded after import = 8
========================================================================
Received Import Request.
  Time since last request: 0.000026 seconds.
  path: Assets/PolygonWestern/Prefabs/Characters/Character_Cowboy_01.prefab
  artifactKey: Guid(e169e4d9dbd157b498e582065a5f9302) Importer(815301076,1909f56bfc062723c751e8b465ee728b)
Number of updated assets reloaded before import = 0
Start importing Assets/PolygonWestern/Prefabs/Characters/Character_Cowboy_01.prefab using Guid(e169e4d9dbd157b498e582065a5f9302) Importer(815301076,1909f56bfc062723c751e8b465ee728b)  -> (artifact id: 'd79148ebea4afb312e27f52e3b8d8faa') in 0.018347 seconds 
Number of asset objects unloaded after import = 139
========================================================================
Received Import Request.
  Time since last request: 0.000027 seconds.
  path: Assets/PolygonWestern/Prefabs/FX/FX_Dust_Blowing_02.prefab
  artifactKey: Guid(08ee8a2ffea05764ca8eba670d1a7d18) Importer(815301076,1909f56bfc062723c751e8b465ee728b)
Number of updated assets reloaded before import = 0
Start importing Assets/PolygonWestern/Prefabs/FX/FX_Dust_Blowing_02.prefab using Guid(08ee8a2ffea05764ca8eba670d1a7d18) Importer(815301076,1909f56bfc062723c751e8b465ee728b)  -> (artifact id: '291a1dfdfb23cb4e0598eae0b451b969') in 0.008911 seconds 
Number of asset objects unloaded after import = 7
========================================================================
Received Import Request.
  Time since last request: 0.000037 seconds.
  path: Assets/PolygonNatureBiomes/PNB_Tropical_Jungle/FX/FX_Prefabs/FX_Fireflies_01.prefab
  artifactKey: Guid(ac48eb33479f1ee4bb124b80a3da7def) Importer(815301076,1909f56bfc062723c751e8b465ee728b)
Number of updated assets reloaded before import = 0
Start importing Assets/PolygonNatureBiomes/PNB_Tropical_Jungle/FX/FX_Prefabs/FX_Fireflies_01.prefab using Guid(ac48eb33479f1ee4bb124b80a3da7def) Importer(815301076,1909f56bfc062723c751e8b465ee728b)  -> (artifact id: '5d854624b1c7f55d2455b79fb5b60139') in 0.061364 seconds 
Number of asset objects unloaded after import = 8
========================================================================
Received Import Request.
  Time since last request: 0.000017 seconds.
  path: Assets/PolygonNatureBiomes/PNB_Tropical_Jungle/FX/FX_Prefabs/FX_Birds_01.prefab
  artifactKey: Guid(5dd0a64f6723b7a48b175803bc4877a2) Importer(815301076,1909f56bfc062723c751e8b465ee728b)
Number of updated assets reloaded before import = 0
Start importing Assets/PolygonNatureBiomes/PNB_Tropical_Jungle/FX/FX_Prefabs/FX_Birds_01.prefab using Guid(5dd0a64f6723b7a48b175803bc4877a2) Importer(815301076,1909f56bfc062723c751e8b465ee728b)  -> (artifact id: '43fe1da77d728c84e017d5ffbf2a463f') in 0.013683 seconds 
Number of asset objects unloaded after import = 8
========================================================================
Received Import Request.
  Time since last request: 0.000030 seconds.
  path: Assets/PolygonWestern/Models/Characters.fbx
  artifactKey: Guid(4837235d67e136e4b883adb2bafc73e8) Importer(815301076,1909f56bfc062723c751e8b465ee728b)
Number of updated assets reloaded before import = 0
Start importing Assets/PolygonWestern/Models/Characters.fbx using Guid(4837235d67e136e4b883adb2bafc73e8) Importer(815301076,1909f56bfc062723c751e8b465ee728b)  -> (artifact id: 'a2863188b9dbe0cc959b9b6d89aeaf37') in 0.086409 seconds 
Number of asset objects unloaded after import = 136
========================================================================
Received Import Request.
  Time since last request: 0.000034 seconds.
  path: Assets/PolygonWestern/Models/SM_Bld_Double_01.fbx
  artifactKey: Guid(3f8c206541bc2034a8db237be8071000) Importer(815301076,1909f56bfc062723c751e8b465ee728b)
Number of updated assets reloaded before import = 0
Start importing Assets/PolygonWestern/Models/SM_Bld_Double_01.fbx using Guid(3f8c206541bc2034a8db237be8071000) Importer(815301076,1909f56bfc062723c751e8b465ee728b)  -> (artifact id: '960a46e888a192bbabe491115a3fed57') in 0.031884 seconds 
Number of asset objects unloaded after import = 17
========================================================================
Received Import Request.
  Time since last request: 0.000034 seconds.
  path: Assets/PolygonWestern/Models/Colliders/SM_Bld_DeckSteps_01_Collision.fbx
  artifactKey: Guid(37c5e052114e48945a46cedff0485c5f) Importer(815301076,1909f56bfc062723c751e8b465ee728b)
Number of updated assets reloaded before import = 0
Start importing Assets/PolygonWestern/Models/Colliders/SM_Bld_DeckSteps_01_Collision.fbx using Guid(37c5e052114e48945a46cedff0485c5f) Importer(815301076,1909f56bfc062723c751e8b465ee728b)  -> (artifact id: 'e776d7f78c60ceaae2b801b04d7a6f38') in 0.011997 seconds 
Number of asset objects unloaded after import = 7
========================================================================
Received Import Request.
  Time since last request: 0.000042 seconds.
  path: Assets/PolygonNatureBiomes/PNB_Tropical_Jungle/FX/FX_Prefabs/FX_Birds_Colourful_01.prefab
  artifactKey: Guid(4bb4e1ca7b058e4478788814a8744836) Importer(815301076,1909f56bfc062723c751e8b465ee728b)
Number of updated assets reloaded before import = 0
Start importing Assets/PolygonNatureBiomes/PNB_Tropical_Jungle/FX/FX_Prefabs/FX_Birds_Colourful_01.prefab using Guid(4bb4e1ca7b058e4478788814a8744836) Importer(815301076,1909f56bfc062723c751e8b465ee728b)  -> (artifact id: '44cc900dc9bb7b7eba43590700f52ada') in 0.013468 seconds 
Number of asset objects unloaded after import = 8
========================================================================
Received Import Request.
  Time since last request: 0.000025 seconds.
  path: Assets/PolygonNatureBiomes/PNB_Tropical_Jungle/FX/FX_Prefabs/FX_Fish_Stingray_01.prefab
  artifactKey: Guid(65038dc4a5b9ed444b83e2c4cbc8a682) Importer(815301076,1909f56bfc062723c751e8b465ee728b)
Number of updated assets reloaded before import = 0
Start importing Assets/PolygonNatureBiomes/PNB_Tropical_Jungle/FX/FX_Prefabs/FX_Fish_Stingray_01.prefab using Guid(65038dc4a5b9ed444b83e2c4cbc8a682) Importer(815301076,1909f56bfc062723c751e8b465ee728b)  -> (artifact id: 'e2c66a37f33a9fbe315f6d21c51b44c9') in 1.502189 seconds 
Number of asset objects unloaded after import = 9
========================================================================
Received Import Request.
  Time since last request: 73.063498 seconds.
  path: Assets/InventoryScripts/ItemScripts/Resources/ItemData/Boat.asset
  artifactKey: Guid(a02d1d30da0c40048a22be639113d507) Importer(815301076,1909f56bfc062723c751e8b465ee728b)
Number of updated assets reloaded before import = 0
Start importing Assets/InventoryScripts/ItemScripts/Resources/ItemData/Boat.asset using Guid(a02d1d30da0c40048a22be639113d507) Importer(815301076,1909f56bfc062723c751e8b465ee728b)  -> (artifact id: 'd71f0acc3125ce7c53704d6c4436c563') in 0.002703 seconds 
Number of asset objects unloaded after import = 1
========================================================================
Received Import Request.
  Time since last request: 0.011186 seconds.
  path: Assets/InventoryScripts/ItemScripts/Resources/ItemData/CrabMeat.asset
  artifactKey: Guid(c08cc4740f30dcb428ef494ebd129144) Importer(815301076,1909f56bfc062723c751e8b465ee728b)
Number of updated assets reloaded before import = 0
Start importing Assets/InventoryScripts/ItemScripts/Resources/ItemData/CrabMeat.asset using Guid(c08cc4740f30dcb428ef494ebd129144) Importer(815301076,1909f56bfc062723c751e8b465ee728b)  -> (artifact id: '874a7bb4d291eb5e0959bb17440fdaa6') in 0.003090 seconds 
Number of asset objects unloaded after import = 1
========================================================================
Received Import Request.
  Time since last request: 0.000029 seconds.
  path: Assets/InventoryScripts/ItemScripts/Resources/ItemData/Leaf.asset
  artifactKey: Guid(a43d170901b25cb4e95713be26738d69) Importer(815301076,1909f56bfc062723c751e8b465ee728b)
Number of updated assets reloaded before import = 0
Start importing Assets/InventoryScripts/ItemScripts/Resources/ItemData/Leaf.asset using Guid(a43d170901b25cb4e95713be26738d69) Importer(815301076,1909f56bfc062723c751e8b465ee728b)  -> (artifact id: 'bf32b067ec4636f2626891b57f3aca09') in 0.002687 seconds 
Number of asset objects unloaded after import = 1
========================================================================
Received Import Request.
  Time since last request: 0.000021 seconds.
  path: Assets/InventoryScripts/ItemScripts/Resources/ItemData/Cutlass.asset
  artifactKey: Guid(98cac6dab1869e147980e74b66efcf20) Importer(815301076,1909f56bfc062723c751e8b465ee728b)
Number of updated assets reloaded before import = 0
Start importing Assets/InventoryScripts/ItemScripts/Resources/ItemData/Cutlass.asset using Guid(98cac6dab1869e147980e74b66efcf20) Importer(815301076,1909f56bfc062723c751e8b465ee728b)  -> (artifact id: '741b39267cd9a6c9f88115ccc3622f5d') in 0.002990 seconds 
Number of asset objects unloaded after import = 1
========================================================================
Received Import Request.
  Time since last request: 0.000028 seconds.
  path: Assets/InventoryScripts/ItemScripts/Resources/ItemData/Rock.asset
  artifactKey: Guid(1fdcfe60327c36144a9f05f0f9b2f3d8) Importer(815301076,1909f56bfc062723c751e8b465ee728b)
Number of updated assets reloaded before import = 0
Start importing Assets/InventoryScripts/ItemScripts/Resources/ItemData/Rock.asset using Guid(1fdcfe60327c36144a9f05f0f9b2f3d8) Importer(815301076,1909f56bfc062723c751e8b465ee728b)  -> (artifact id: 'cef7c6a66f19a543d62b2541c882d2c0') in 0.003708 seconds 
Number of asset objects unloaded after import = 1
========================================================================
Received Import Request.
  Time since last request: 0.000020 seconds.
  path: Assets/InventoryScripts/ItemScripts/Resources/ItemData/Revolver.asset
  artifactKey: Guid(98bc4cc667f02404f98968f016379e38) Importer(815301076,1909f56bfc062723c751e8b465ee728b)
Number of updated assets reloaded before import = 0
Start importing Assets/InventoryScripts/ItemScripts/Resources/ItemData/Revolver.asset using Guid(98bc4cc667f02404f98968f016379e38) Importer(815301076,1909f56bfc062723c751e8b465ee728b)  -> (artifact id: 'efea74135d196e5f31bbf99ebd866f7b') in 0.006139 seconds 
Number of asset objects unloaded after import = 49
========================================================================
Received Import Request.
  Time since last request: 0.000019 seconds.
  path: Assets/InventoryScripts/ItemScripts/Resources/ItemData/Machete.asset
  artifactKey: Guid(c8334bbd7583f1343a73db843535c569) Importer(815301076,1909f56bfc062723c751e8b465ee728b)
Number of updated assets reloaded before import = 0
Start importing Assets/InventoryScripts/ItemScripts/Resources/ItemData/Machete.asset using Guid(c8334bbd7583f1343a73db843535c569) Importer(815301076,1909f56bfc062723c751e8b465ee728b)  -> (artifact id: 'a2b5dbcd26548ebf462fb93fdd8547a0') in 0.004532 seconds 
Number of asset objects unloaded after import = 1
========================================================================
Received Import Request.
  Time since last request: 0.000018 seconds.
  path: Assets/InventoryScripts/ItemScripts/Resources/ItemData/Wood.asset
  artifactKey: Guid(eff61158e49ffad4885e55b9f11e2f34) Importer(815301076,1909f56bfc062723c751e8b465ee728b)
Number of updated assets reloaded before import = 0
Start importing Assets/InventoryScripts/ItemScripts/Resources/ItemData/Wood.asset using Guid(eff61158e49ffad4885e55b9f11e2f34) Importer(815301076,1909f56bfc062723c751e8b465ee728b)  -> (artifact id: '6f1f705bc37aa9a8d7494f3c7b60d2fe') in 0.002904 seconds 
Number of asset objects unloaded after import = 1
========================================================================
Received Import Request.
  Time since last request: 0.000028 seconds.
  path: Assets/InventoryScripts/ItemScripts/Resources/ItemData/StoneAxe.asset
  artifactKey: Guid(c7883049a6ae3e04491d19db9c42938e) Importer(815301076,1909f56bfc062723c751e8b465ee728b)
Number of updated assets reloaded before import = 0
Start importing Assets/InventoryScripts/ItemScripts/Resources/ItemData/StoneAxe.asset using Guid(c7883049a6ae3e04491d19db9c42938e) Importer(815301076,1909f56bfc062723c751e8b465ee728b)  -> (artifact id: '80a6887e6612dc5a4a3ce3db4c20bfce') in 0.003300 seconds 
Number of asset objects unloaded after import = 1
========================================================================
Received Import Request.
  Time since last request: 0.000027 seconds.
  path: Assets/InventoryScripts/ItemScripts/Resources/ItemData/WoodenSword.asset
  artifactKey: Guid(81387dc996385c144be6896a37557f6d) Importer(815301076,1909f56bfc062723c751e8b465ee728b)
Number of updated assets reloaded before import = 0
Start importing Assets/InventoryScripts/ItemScripts/Resources/ItemData/WoodenSword.asset using Guid(81387dc996385c144be6896a37557f6d) Importer(815301076,1909f56bfc062723c751e8b465ee728b)  -> (artifact id: '28c23f99a52580daabcc27c01a5eb546') in 0.002779 seconds 
Number of asset objects unloaded after import = 1
========================================================================
Received Prepare
Registering precompiled user dll's ...
Registered in 0.006967 seconds.
Begin MonoManager ReloadAssembly
Native extension for WindowsStandalone target not found
Refreshing native plugins compatible for Editor in 1.13 ms, found 3 plugins.
Preloading 0 native plugins for Editor in 0.00 ms.
Mono: successfully reloaded assembly
- Completed reload, in  1.242 seconds
Domain Reload Profiling:
	ReloadAssembly (1243ms)
		BeginReloadAssembly (160ms)
			ExecutionOrderSort (0ms)
			DisableScriptedObjects (4ms)
			BackupInstance (0ms)
			ReleaseScriptingObjects (0ms)
			CreateAndSetChildDomain (46ms)
		EndReloadAssembly (976ms)
			LoadAssemblies (102ms)
			RebuildTransferFunctionScriptingTraits (0ms)
			SetupTypeCache (297ms)
			ReleaseScriptCaches (2ms)
			RebuildScriptCaches (45ms)
			SetupLoadedEditorAssemblies (499ms)
				LogAssemblyErrors (0ms)
				InitializePlatformSupportModulesInManaged (8ms)
				SetLoadedEditorAssemblies (1ms)
				RefreshPlugins (1ms)
				BeforeProcessingInitializeOnLoad (71ms)
				ProcessInitializeOnLoadAttributes (381ms)
				ProcessInitializeOnLoadMethodAttributes (23ms)
				AfterProcessingInitializeOnLoad (11ms)
				EditorAssembliesLoaded (3ms)
			ExecutionOrderSort2 (0ms)
			AwakeInstancesAfterBackupRestoration (8ms)
Platform modules already initialized, skipping
Refreshing native plugins compatible for Editor in 1.27 ms, found 3 plugins.
Preloading 0 native plugins for Editor in 0.00 ms.
Unloading 3818 Unused Serialized files (Serialized files now loaded: 0)
Unloading 34 unused Assets / (1.5 MB). Loaded Objects now: 4420.
Memory consumption went from 253.2 MB to 251.7 MB.
Total: 3.336400 ms (FindLiveObjects: 0.359400 ms CreateObjectMapping: 0.138200 ms MarkObjects: 2.412400 ms  DeleteObjects: 0.425000 ms)

AssetImportParameters requested are different than current active one (requested -> active):
  custom:video-decoder-ogg-theora: a1e56fd34408186e4bbccfd4996cb3dc -> 
  custom:container-muxer-webm: aa71ff27fc2769a1b78a27578f13a17b -> 
  custom:container-demuxer-webm: 4f35f7cbe854078d1ac9338744f61a02 -> 
  custom:video-encoder-webm-vp8: eb34c28f22e8b96e1ab97ce403110664 -> 
  custom:video-codec-MediaFoundation-h265: 746d11721c4dcdbdad8f713fa42b33f4 -> 
  custom:CustomObjectIndexerAttribute: bc11b3a6c3213fcdd17b65e7da85e133 -> 
  custom:audio-encoder-webm-vorbis: bf7c407c2cedff20999df2af8eb42d56 -> 
  custom:framework-win-MediaFoundation: 216162199b28c13a410421893ffa2e32 -> 
  custom:SearchIndexIgnoredProperties: e643bd26f0fe6173181afceb89e7c659 -> 
  custom:container-demuxer-ogg: 62fdf1f143b41e24485cea50d1cbac27 -> 
  custom:video-decoder-webm-vp8: 9c59270c3fd7afecdb556c50c9e8de78 -> 
  custom:audio-decoder-ogg-vorbis: bf7c407c2cedff20999df2af8eb42d56 -> 
Editor requested this worker to shutdown with reason: Scaling down because of idle timeout
AssetImportWorker is now disconnected from the server
Process exiting
Exiting without the bug reporter. Application will terminate with return code 0