Using pre-set license
Built from '2021.3/staging' branch; Version is '2021.3.32f1 (3b9dae9532f5) revision 3906990'; Using compiler version '192829333'; Build Type 'Release'
OS: 'Windows 11  (10.0.26200) 64bit Core' Language: 'cs' Physical Memory: 16219 MB
BatchMode: 1, IsHumanControllingUs: 0, StartBugReporterOnCrash: 0, Is64bit: 1, IsPro: 1

COMMAND LINE ARGUMENTS:
C:\Program Files\Unity\Hub\Editor\2021.3.32f1\Editor\Unity.exe
-adb2
-batchMode
-noUpm
-name
AssetImportWorker4
-projectPath
C:/Users/simon/OneDrive/Plocha/skola/HEV/Wanted-Dead or alive
-logFile
Logs/AssetImportWorker4.log
-srvPort
50572
Successfully changed project path to: C:/Users/simon/OneDrive/Plocha/skola/HEV/Wanted-Dead or alive
C:/Users/simon/OneDrive/Plocha/skola/HEV/Wanted-Dead or alive
[UnityMemory] Configuration Parameters - Can be set up in boot.config
    "memorysetup-bucket-allocator-granularity=16"
    "memorysetup-bucket-allocator-bucket-count=8"
    "memorysetup-bucket-allocator-block-size=33554432"
    "memorysetup-bucket-allocator-block-count=8"
    "memorysetup-main-allocator-block-size=16777216"
    "memorysetup-thread-allocator-block-size=16777216"
    "memorysetup-gfx-main-allocator-block-size=16777216"
    "memorysetup-gfx-thread-allocator-block-size=16777216"
    "memorysetup-cache-allocator-block-size=4194304"
    "memorysetup-typetree-allocator-block-size=2097152"
    "memorysetup-profiler-bucket-allocator-granularity=16"
    "memorysetup-profiler-bucket-allocator-bucket-count=8"
    "memorysetup-profiler-bucket-allocator-block-size=33554432"
    "memorysetup-profiler-bucket-allocator-block-count=8"
    "memorysetup-profiler-allocator-block-size=16777216"
    "memorysetup-profiler-editor-allocator-block-size=1048576"
    "memorysetup-temp-allocator-size-main=16777216"
    "memorysetup-job-temp-allocator-block-size=2097152"
    "memorysetup-job-temp-allocator-block-size-background=1048576"
    "memorysetup-job-temp-allocator-reduction-small-platforms=262144"
    "memorysetup-temp-allocator-size-background-worker=32768"
    "memorysetup-temp-allocator-size-job-worker=262144"
    "memorysetup-temp-allocator-size-preload-manager=33554432"
    "memorysetup-temp-allocator-size-nav-mesh-worker=65536"
    "memorysetup-temp-allocator-size-audio-worker=65536"
    "memorysetup-temp-allocator-size-cloud-worker=32768"
    "memorysetup-temp-allocator-size-gi-baking-worker=262144"
    "memorysetup-temp-allocator-size-gfx=262144"
Player connection [27528] Host "[IP] 192.168.56.1 [Port] 0 [Flags] 2 [Guid] 2644041033 [EditorId] 2644041033 [Version] 1048832 [Id] WindowsEditor(7,SimonRuza) [Debug] 1 [PackageName] WindowsEditor [ProjectName] Editor" joined multi-casting on [225.0.0.222:54997]...

Player connection [27528] Host "[IP] 192.168.56.1 [Port] 0 [Flags] 2 [Guid] 2644041033 [EditorId] 2644041033 [Version] 1048832 [Id] WindowsEditor(7,SimonRuza) [Debug] 1 [PackageName] WindowsEditor [ProjectName] Editor" joined alternative multi-casting on [225.0.0.222:34997]...

[Physics::Module] Initialized MultithreadedJobDispatcher with {0} workers.
Refreshing native plugins compatible for Editor in 81.86 ms, found 3 plugins.
Preloading 0 native plugins for Editor in 0.00 ms.
Initialize engine version: 2021.3.32f1 (3b9dae9532f5)
[Subsystems] Discovering subsystems at path C:/Program Files/Unity/Hub/Editor/2021.3.32f1/Editor/Data/Resources/UnitySubsystems
[Subsystems] Discovering subsystems at path C:/Users/simon/OneDrive/Plocha/skola/HEV/Wanted-Dead or alive/Assets
GfxDevice: creating device client; threaded=0; jobified=0
Direct3D:
    Version:  Direct3D 11.0 [level 11.1]
    Renderer: NVIDIA GeForce RTX 3060 Laptop GPU (ID=0x2560)
    Vendor:   NVIDIA
    VRAM:     5996 MB
    Driver:   32.0.15.8180
Initialize mono
Mono path[0] = 'C:/Program Files/Unity/Hub/Editor/2021.3.32f1/Editor/Data/Managed'
Mono path[1] = 'C:/Program Files/Unity/Hub/Editor/2021.3.32f1/Editor/Data/MonoBleedingEdge/lib/mono/unityjit-win32'
Mono config path = 'C:/Program Files/Unity/Hub/Editor/2021.3.32f1/Editor/Data/MonoBleedingEdge/etc'
Using monoOptions --debugger-agent=transport=dt_socket,embedding=1,server=y,suspend=n,address=127.0.0.1:56804
Begin MonoManager ReloadAssembly
Registering precompiled unity dll's ...
Register platform support module: C:/Program Files/Unity/Hub/Editor/2021.3.32f1/Editor/Data/PlaybackEngines/WindowsStandaloneSupport/UnityEditor.WindowsStandalone.Extensions.dll
Registered in 0.004967 seconds.
Native extension for WindowsStandalone target not found
Refreshing native plugins compatible for Editor in 86.51 ms, found 3 plugins.
Preloading 0 native plugins for Editor in 0.00 ms.
Mono: successfully reloaded assembly
- Completed reload, in  0.578 seconds
Domain Reload Profiling:
	ReloadAssembly (579ms)
		BeginReloadAssembly (90ms)
			ExecutionOrderSort (0ms)
			DisableScriptedObjects (0ms)
			BackupInstance (0ms)
			ReleaseScriptingObjects (0ms)
			CreateAndSetChildDomain (1ms)
		EndReloadAssembly (408ms)
			LoadAssemblies (87ms)
			RebuildTransferFunctionScriptingTraits (0ms)
			SetupTypeCache (82ms)
			ReleaseScriptCaches (0ms)
			RebuildScriptCaches (26ms)
			SetupLoadedEditorAssemblies (263ms)
				LogAssemblyErrors (0ms)
				InitializePlatformSupportModulesInManaged (10ms)
				SetLoadedEditorAssemblies (0ms)
				RefreshPlugins (87ms)
				BeforeProcessingInitializeOnLoad (1ms)
				ProcessInitializeOnLoadAttributes (123ms)
				ProcessInitializeOnLoadMethodAttributes (42ms)
				AfterProcessingInitializeOnLoad (0ms)
				EditorAssembliesLoaded (0ms)
			ExecutionOrderSort2 (0ms)
			AwakeInstancesAfterBackupRestoration (0ms)
Platform modules already initialized, skipping
Registering precompiled user dll's ...
Registered in 0.006099 seconds.
Begin MonoManager ReloadAssembly
Native extension for WindowsStandalone target not found
Refreshing native plugins compatible for Editor in 69.63 ms, found 3 plugins.
Preloading 0 native plugins for Editor in 0.00 ms.
Mono: successfully reloaded assembly
- Completed reload, in  1.105 seconds
Domain Reload Profiling:
	ReloadAssembly (1106ms)
		BeginReloadAssembly (119ms)
			ExecutionOrderSort (0ms)
			DisableScriptedObjects (5ms)
			BackupInstance (0ms)
			ReleaseScriptingObjects (0ms)
			CreateAndSetChildDomain (19ms)
		EndReloadAssembly (896ms)
			LoadAssemblies (96ms)
			RebuildTransferFunctionScriptingTraits (0ms)
			SetupTypeCache (227ms)
			ReleaseScriptCaches (0ms)
			RebuildScriptCaches (41ms)
			SetupLoadedEditorAssemblies (522ms)
				LogAssemblyErrors (0ms)
				InitializePlatformSupportModulesInManaged (4ms)
				SetLoadedEditorAssemblies (0ms)
				RefreshPlugins (70ms)
				BeforeProcessingInitializeOnLoad (70ms)
				ProcessInitializeOnLoadAttributes (348ms)
				ProcessInitializeOnLoadMethodAttributes (22ms)
				AfterProcessingInitializeOnLoad (9ms)
				EditorAssembliesLoaded (0ms)
			ExecutionOrderSort2 (0ms)
			AwakeInstancesAfterBackupRestoration (7ms)
Platform modules already initialized, skipping
========================================================================
Worker process is ready to serve import requests
Launched and connected shader compiler UnityShaderCompiler.exe after 0.06 seconds
Refreshing native plugins compatible for Editor in 0.73 ms, found 3 plugins.
Preloading 0 native plugins for Editor in 0.00 ms.
Unloading 3692 Unused Serialized files (Serialized files now loaded: 0)
Unloading 26 unused Assets / (46.8 KB). Loaded Objects now: 4174.
Memory consumption went from 154.9 MB to 154.8 MB.
Total: 2.889400 ms (FindLiveObjects: 0.282700 ms CreateObjectMapping: 0.107500 ms MarkObjects: 2.411200 ms  DeleteObjects: 0.086800 ms)

AssetImportParameters requested are different than current active one (requested -> active):
  custom:video-decoder-ogg-theora: a1e56fd34408186e4bbccfd4996cb3dc -> 
  custom:container-muxer-webm: aa71ff27fc2769a1b78a27578f13a17b -> 
  custom:container-demuxer-webm: 4f35f7cbe854078d1ac9338744f61a02 -> 
  custom:video-encoder-webm-vp8: eb34c28f22e8b96e1ab97ce403110664 -> 
  custom:video-codec-MediaFoundation-h265: 746d11721c4dcdbdad8f713fa42b33f4 -> 
  custom:CustomObjectIndexerAttribute: bc11b3a6c3213fcdd17b65e7da85e133 -> 
  custom:audio-encoder-webm-vorbis: bf7c407c2cedff20999df2af8eb42d56 -> 
  custom:framework-win-MediaFoundation: 216162199b28c13a410421893ffa2e32 -> 
  custom:SearchIndexIgnoredProperties: e643bd26f0fe6173181afceb89e7c659 -> 
  custom:container-demuxer-ogg: 62fdf1f143b41e24485cea50d1cbac27 -> 
  custom:video-decoder-webm-vp8: 9c59270c3fd7afecdb556c50c9e8de78 -> 
  custom:audio-decoder-ogg-vorbis: bf7c407c2cedff20999df2af8eb42d56 -> 
========================================================================
Received Prepare
Registering precompiled user dll's ...
Registered in 0.012667 seconds.
Begin MonoManager ReloadAssembly
Native extension for WindowsStandalone target not found
Refreshing native plugins compatible for Editor in 94.71 ms, found 3 plugins.
Preloading 0 native plugins for Editor in 0.00 ms.
Mono: successfully reloaded assembly
- Completed reload, in  1.588 seconds
Domain Reload Profiling:
	ReloadAssembly (1588ms)
		BeginReloadAssembly (350ms)
			ExecutionOrderSort (0ms)
			DisableScriptedObjects (8ms)
			BackupInstance (0ms)
			ReleaseScriptingObjects (0ms)
			CreateAndSetChildDomain (97ms)
		EndReloadAssembly (1103ms)
			LoadAssemblies (231ms)
			RebuildTransferFunctionScriptingTraits (0ms)
			SetupTypeCache (367ms)
			ReleaseScriptCaches (2ms)
			RebuildScriptCaches (40ms)
			SetupLoadedEditorAssemblies (555ms)
				LogAssemblyErrors (0ms)
				InitializePlatformSupportModulesInManaged (5ms)
				SetLoadedEditorAssemblies (0ms)
				RefreshPlugins (95ms)
				BeforeProcessingInitializeOnLoad (62ms)
				ProcessInitializeOnLoadAttributes (367ms)
				ProcessInitializeOnLoadMethodAttributes (20ms)
				AfterProcessingInitializeOnLoad (7ms)
				EditorAssembliesLoaded (0ms)
			ExecutionOrderSort2 (0ms)
			AwakeInstancesAfterBackupRestoration (7ms)
Platform modules already initialized, skipping
Refreshing native plugins compatible for Editor in 0.86 ms, found 3 plugins.
Preloading 0 native plugins for Editor in 0.00 ms.
Unloading 3842 Unused Serialized files (Serialized files now loaded: 0)
Unloading 66 unused Assets / (3.8 MB). Loaded Objects now: 4327.
Memory consumption went from 164.2 MB to 160.4 MB.
Total: 4.038000 ms (FindLiveObjects: 0.235500 ms CreateObjectMapping: 0.094100 ms MarkObjects: 2.852900 ms  DeleteObjects: 0.853900 ms)

AssetImportParameters requested are different than current active one (requested -> active):
  custom:video-decoder-ogg-theora: a1e56fd34408186e4bbccfd4996cb3dc -> 
  custom:container-muxer-webm: aa71ff27fc2769a1b78a27578f13a17b -> 
  custom:container-demuxer-webm: 4f35f7cbe854078d1ac9338744f61a02 -> 
  custom:video-encoder-webm-vp8: eb34c28f22e8b96e1ab97ce403110664 -> 
  custom:video-codec-MediaFoundation-h265: 746d11721c4dcdbdad8f713fa42b33f4 -> 
  custom:CustomObjectIndexerAttribute: bc11b3a6c3213fcdd17b65e7da85e133 -> 
  custom:audio-encoder-webm-vorbis: bf7c407c2cedff20999df2af8eb42d56 -> 
  custom:framework-win-MediaFoundation: 216162199b28c13a410421893ffa2e32 -> 
  custom:SearchIndexIgnoredProperties: e643bd26f0fe6173181afceb89e7c659 -> 
  custom:container-demuxer-ogg: 62fdf1f143b41e24485cea50d1cbac27 -> 
  custom:video-decoder-webm-vp8: 9c59270c3fd7afecdb556c50c9e8de78 -> 
  custom:audio-decoder-ogg-vorbis: bf7c407c2cedff20999df2af8eb42d56 -> 
========================================================================
Received Import Request.
  Time since last request: 18625.047136 seconds.
  path: Assets/New Terrain.asset
  artifactKey: Guid(f0db96560dc495c49aead9577ef55167) Importer(815301076,1909f56bfc062723c751e8b465ee728b)
Number of updated assets reloaded before import = 0
Start importing Assets/New Terrain.asset using Guid(f0db96560dc495c49aead9577ef55167) Importer(815301076,1909f56bfc062723c751e8b465ee728b)  -> (artifact id: '22038f510f987de313843443b7cc8a6c') in 0.085775 seconds 
Number of asset objects unloaded after import = 3
========================================================================
Received Prepare
Registering precompiled user dll's ...
Registered in 0.006433 seconds.
Begin MonoManager ReloadAssembly
Native extension for WindowsStandalone target not found
Refreshing native plugins compatible for Editor in 0.77 ms, found 3 plugins.
Preloading 0 native plugins for Editor in 0.00 ms.
Mono: successfully reloaded assembly
- Completed reload, in  1.214 seconds
Domain Reload Profiling:
	ReloadAssembly (1215ms)
		BeginReloadAssembly (153ms)
			ExecutionOrderSort (0ms)
			DisableScriptedObjects (4ms)
			BackupInstance (0ms)
			ReleaseScriptingObjects (0ms)
			CreateAndSetChildDomain (35ms)
		EndReloadAssembly (979ms)
			LoadAssemblies (100ms)
			RebuildTransferFunctionScriptingTraits (0ms)
			SetupTypeCache (310ms)
			ReleaseScriptCaches (2ms)
			RebuildScriptCaches (48ms)
			SetupLoadedEditorAssemblies (492ms)
				LogAssemblyErrors (0ms)
				InitializePlatformSupportModulesInManaged (7ms)
				SetLoadedEditorAssemblies (1ms)
				RefreshPlugins (1ms)
				BeforeProcessingInitializeOnLoad (67ms)
				ProcessInitializeOnLoadAttributes (383ms)
				ProcessInitializeOnLoadMethodAttributes (23ms)
				AfterProcessingInitializeOnLoad (8ms)
				EditorAssembliesLoaded (2ms)
			ExecutionOrderSort2 (0ms)
			AwakeInstancesAfterBackupRestoration (8ms)
Platform modules already initialized, skipping
Refreshing native plugins compatible for Editor in 0.81 ms, found 3 plugins.
Preloading 0 native plugins for Editor in 0.00 ms.
Unloading 3842 Unused Serialized files (Serialized files now loaded: 0)
Unloading 66 unused Assets / (3.8 MB). Loaded Objects now: 4333.
Memory consumption went from 164.3 MB to 160.5 MB.
Total: 3.779000 ms (FindLiveObjects: 0.259000 ms CreateObjectMapping: 0.101100 ms MarkObjects: 2.281300 ms  DeleteObjects: 1.136200 ms)

AssetImportParameters requested are different than current active one (requested -> active):
  custom:video-decoder-ogg-theora: a1e56fd34408186e4bbccfd4996cb3dc -> 
  custom:container-muxer-webm: aa71ff27fc2769a1b78a27578f13a17b -> 
  custom:container-demuxer-webm: 4f35f7cbe854078d1ac9338744f61a02 -> 
  custom:video-encoder-webm-vp8: eb34c28f22e8b96e1ab97ce403110664 -> 
  custom:video-codec-MediaFoundation-h265: 746d11721c4dcdbdad8f713fa42b33f4 -> 
  custom:CustomObjectIndexerAttribute: bc11b3a6c3213fcdd17b65e7da85e133 -> 
  custom:audio-encoder-webm-vorbis: bf7c407c2cedff20999df2af8eb42d56 -> 
  custom:framework-win-MediaFoundation: 216162199b28c13a410421893ffa2e32 -> 
  custom:SearchIndexIgnoredProperties: e643bd26f0fe6173181afceb89e7c659 -> 
  custom:container-demuxer-ogg: 62fdf1f143b41e24485cea50d1cbac27 -> 
  custom:video-decoder-webm-vp8: 9c59270c3fd7afecdb556c50c9e8de78 -> 
  custom:audio-decoder-ogg-vorbis: bf7c407c2cedff20999df2af8eb42d56 -> 
========================================================================
Received Import Request.
  Time since last request: 187.905731 seconds.
  path: Assets/New Terrain.asset
  artifactKey: Guid(f0db96560dc495c49aead9577ef55167) Importer(815301076,1909f56bfc062723c751e8b465ee728b)
Number of updated assets reloaded before import = 0
Start importing Assets/New Terrain.asset using Guid(f0db96560dc495c49aead9577ef55167) Importer(815301076,1909f56bfc062723c751e8b465ee728b)  -> (artifact id: '5585715b0b5283b9fa261a7d7a392a03') in 0.045986 seconds 
Number of asset objects unloaded after import = 3
========================================================================
Received Import Request.
  Time since last request: 16.483898 seconds.
  path: Assets/PolygonWestern/Prefabs/Buildings
  artifactKey: Guid(9a66a033274f9f948a8d90059ce5a8c4) Importer(815301076,1909f56bfc062723c751e8b465ee728b)
Number of updated assets reloaded before import = 0
Start importing Assets/PolygonWestern/Prefabs/Buildings using Guid(9a66a033274f9f948a8d90059ce5a8c4) Importer(815301076,1909f56bfc062723c751e8b465ee728b)  -> (artifact id: '89f973f1c3c36ef97c79b105e4da20af') in 0.010111 seconds 
Number of asset objects unloaded after import = 0
========================================================================
Received Import Request.
  Time since last request: 0.062380 seconds.
  path: Assets/PolygonWestern/Prefabs/Buildings/SM_Bld_Double_Balcony_Stairs_01.prefab
  artifactKey: Guid(93c99d27d45a1f54a841eef496994a1a) Importer(815301076,1909f56bfc062723c751e8b465ee728b)
Number of updated assets reloaded before import = 0
Start importing Assets/PolygonWestern/Prefabs/Buildings/SM_Bld_Double_Balcony_Stairs_01.prefab using Guid(93c99d27d45a1f54a841eef496994a1a) Importer(815301076,1909f56bfc062723c751e8b465ee728b)  -> (artifact id: 'c444958c266d8da21477bfe3353eb32d') in 0.099223 seconds 
Number of asset objects unloaded after import = 12
========================================================================
Received Import Request.
  Time since last request: 0.000120 seconds.
  path: Assets/PolygonWestern/Prefabs/Buildings/SM_Bld_Double_Facade_04.prefab
  artifactKey: Guid(f11dd3cfb721bda489b6dd92ecc1ffe3) Importer(815301076,1909f56bfc062723c751e8b465ee728b)
Number of updated assets reloaded before import = 0
Start importing Assets/PolygonWestern/Prefabs/Buildings/SM_Bld_Double_Facade_04.prefab using Guid(f11dd3cfb721bda489b6dd92ecc1ffe3) Importer(815301076,1909f56bfc062723c751e8b465ee728b)  -> (artifact id: '16710b509921ed2fe4b845641f3477e3') in 0.024954 seconds 
Number of asset objects unloaded after import = 12
========================================================================
Received Import Request.
  Time since last request: 0.000032 seconds.
  path: Assets/PolygonWestern/Prefabs/Buildings/SM_Bld_Sign_10.prefab
  artifactKey: Guid(2801bef99f088994e8cfbf3539a0812a) Importer(815301076,1909f56bfc062723c751e8b465ee728b)
Number of updated assets reloaded before import = 0
Start importing Assets/PolygonWestern/Prefabs/Buildings/SM_Bld_Sign_10.prefab using Guid(2801bef99f088994e8cfbf3539a0812a) Importer(815301076,1909f56bfc062723c751e8b465ee728b)  -> (artifact id: 'a2d617c21cf46d7c319fd3f485ddc5d2') in 0.016533 seconds 
Number of asset objects unloaded after import = 10
========================================================================
Received Import Request.
  Time since last request: 0.000019 seconds.
  path: Assets/PolygonWestern/Prefabs/Buildings/SM_Bld_Double_DeckCover_01.prefab
  artifactKey: Guid(ac524cc7bc493a7438d8b42c57ea749c) Importer(815301076,1909f56bfc062723c751e8b465ee728b)
Number of updated assets reloaded before import = 0
Start importing Assets/PolygonWestern/Prefabs/Buildings/SM_Bld_Double_DeckCover_01.prefab using Guid(ac524cc7bc493a7438d8b42c57ea749c) Importer(815301076,1909f56bfc062723c751e8b465ee728b)  -> (artifact id: '3d3055b7c14d289d005493d53970901c') in 0.019665 seconds 
Number of asset objects unloaded after import = 12
========================================================================
Received Import Request.
  Time since last request: 0.000024 seconds.
  path: Assets/PolygonWestern/Prefabs/Buildings/SM_Bld_Sign_02.prefab
  artifactKey: Guid(d01f6d7f0e0d7eb4a948cd9a5fd193a1) Importer(815301076,1909f56bfc062723c751e8b465ee728b)
Number of updated assets reloaded before import = 0
Start importing Assets/PolygonWestern/Prefabs/Buildings/SM_Bld_Sign_02.prefab using Guid(d01f6d7f0e0d7eb4a948cd9a5fd193a1) Importer(815301076,1909f56bfc062723c751e8b465ee728b)  -> (artifact id: '84151ef7e3238723d0d6192ef2fc2708') in 0.018179 seconds 
Number of asset objects unloaded after import = 11
========================================================================
Received Import Request.
  Time since last request: 0.000023 seconds.
  path: Assets/PolygonWestern/Prefabs/Buildings/SM_Bld_Double_Facade_02.prefab
  artifactKey: Guid(deb84c81c1fbc4244bd539429869bf16) Importer(815301076,1909f56bfc062723c751e8b465ee728b)
Number of updated assets reloaded before import = 0
Start importing Assets/PolygonWestern/Prefabs/Buildings/SM_Bld_Double_Facade_02.prefab using Guid(deb84c81c1fbc4244bd539429869bf16) Importer(815301076,1909f56bfc062723c751e8b465ee728b)  -> (artifact id: '5f30280dddba21e8416058c8ce13a741') in 0.016749 seconds 
Number of asset objects unloaded after import = 12
========================================================================
Received Import Request.
  Time since last request: 0.000023 seconds.
  path: Assets/PolygonWestern/Prefabs/Buildings/SM_Bld_Sign_18.prefab
  artifactKey: Guid(f4999f1ad4860de44899a4daf9153c23) Importer(815301076,1909f56bfc062723c751e8b465ee728b)
Number of updated assets reloaded before import = 0
Start importing Assets/PolygonWestern/Prefabs/Buildings/SM_Bld_Sign_18.prefab using Guid(f4999f1ad4860de44899a4daf9153c23) Importer(815301076,1909f56bfc062723c751e8b465ee728b)  -> (artifact id: '3a39628d51c9971655832b4462774652') in 0.013903 seconds 
Number of asset objects unloaded after import = 10
========================================================================
Received Import Request.
  Time since last request: 0.000017 seconds.
  path: Assets/PolygonWestern/Prefabs/Buildings/SM_Bld_Sign_01.prefab
  artifactKey: Guid(5fbcea7ff5774754fb085510039c819e) Importer(815301076,1909f56bfc062723c751e8b465ee728b)
Number of updated assets reloaded before import = 0
Start importing Assets/PolygonWestern/Prefabs/Buildings/SM_Bld_Sign_01.prefab using Guid(5fbcea7ff5774754fb085510039c819e) Importer(815301076,1909f56bfc062723c751e8b465ee728b)  -> (artifact id: '5e91e24a3c0ad70ef3ec816ce58fc92c') in 0.020772 seconds 
Number of asset objects unloaded after import = 11
========================================================================
Received Import Request.
  Time since last request: 0.000021 seconds.
  path: Assets/PolygonWestern/Prefabs/Buildings/SM_Bld_Sign_08.prefab
  artifactKey: Guid(96435c05f5cf08744ad9f5b8dd716222) Importer(815301076,1909f56bfc062723c751e8b465ee728b)
Number of updated assets reloaded before import = 0
Start importing Assets/PolygonWestern/Prefabs/Buildings/SM_Bld_Sign_08.prefab using Guid(96435c05f5cf08744ad9f5b8dd716222) Importer(815301076,1909f56bfc062723c751e8b465ee728b)  -> (artifact id: '0ef71ea7036453f8258cab089fe031a9') in 0.012353 seconds 
Number of asset objects unloaded after import = 10
========================================================================
Received Import Request.
  Time since last request: 0.000023 seconds.
  path: Assets/PolygonWestern/Prefabs/Buildings/SM_Bld_Double_Deck_04.prefab
  artifactKey: Guid(e0243cac5c6c18f4ead62c3cf3b5b022) Importer(815301076,1909f56bfc062723c751e8b465ee728b)
Number of updated assets reloaded before import = 0
Start importing Assets/PolygonWestern/Prefabs/Buildings/SM_Bld_Double_Deck_04.prefab using Guid(e0243cac5c6c18f4ead62c3cf3b5b022) Importer(815301076,1909f56bfc062723c751e8b465ee728b)  -> (artifact id: '208115a662a87dfefceaf1c97cac5be5') in 0.016678 seconds 
Number of asset objects unloaded after import = 12
========================================================================
Received Import Request.
  Time since last request: 0.000026 seconds.
  path: Assets/PolygonWestern/Prefabs/Buildings/SM_Bld_Sign_06.prefab
  artifactKey: Guid(6906fa66a439967419fa3d08cc4495dd) Importer(815301076,1909f56bfc062723c751e8b465ee728b)
Number of updated assets reloaded before import = 0
Start importing Assets/PolygonWestern/Prefabs/Buildings/SM_Bld_Sign_06.prefab using Guid(6906fa66a439967419fa3d08cc4495dd) Importer(815301076,1909f56bfc062723c751e8b465ee728b)  -> (artifact id: '56cb05079cf6247f6af2eb8c2302cccc') in 0.011660 seconds 
Number of asset objects unloaded after import = 10
========================================================================
Received Import Request.
  Time since last request: 0.000048 seconds.
  path: Assets/PolygonWestern/Prefabs/Buildings/SM_Bld_Sign_11.prefab
  artifactKey: Guid(8f13f87c0d441ef45af03b503114f42c) Importer(815301076,1909f56bfc062723c751e8b465ee728b)
Number of updated assets reloaded before import = 0
Start importing Assets/PolygonWestern/Prefabs/Buildings/SM_Bld_Sign_11.prefab using Guid(8f13f87c0d441ef45af03b503114f42c) Importer(815301076,1909f56bfc062723c751e8b465ee728b)  -> (artifact id: 'e7a763ad0883a55196cb920fb52c3f71') in 0.011815 seconds 
Number of asset objects unloaded after import = 10
========================================================================
Received Import Request.
  Time since last request: 0.000017 seconds.
  path: Assets/PolygonWestern/Prefabs/Buildings/SM_Bld_Fence_01.prefab
  artifactKey: Guid(18238448d591a7741aba892d2134abc8) Importer(815301076,1909f56bfc062723c751e8b465ee728b)
Number of updated assets reloaded before import = 0
Start importing Assets/PolygonWestern/Prefabs/Buildings/SM_Bld_Fence_01.prefab using Guid(18238448d591a7741aba892d2134abc8) Importer(815301076,1909f56bfc062723c751e8b465ee728b)  -> (artifact id: 'd351092c873fc48803efe3be628a59f1') in 0.020578 seconds 
Number of asset objects unloaded after import = 11
========================================================================
Received Import Request.
  Time since last request: 0.000022 seconds.
  path: Assets/PolygonWestern/Prefabs/Buildings/SM_Bld_Sign_14.prefab
  artifactKey: Guid(cbdf8d37c4c5fae4ba2235af6cfd1244) Importer(815301076,1909f56bfc062723c751e8b465ee728b)
Number of updated assets reloaded before import = 0
Start importing Assets/PolygonWestern/Prefabs/Buildings/SM_Bld_Sign_14.prefab using Guid(cbdf8d37c4c5fae4ba2235af6cfd1244) Importer(815301076,1909f56bfc062723c751e8b465ee728b)  -> (artifact id: 'b7bc38d9e629c309e8663b8deb3970a9') in 0.010911 seconds 
Number of asset objects unloaded after import = 10
========================================================================
Received Import Request.
  Time since last request: 0.000025 seconds.
  path: Assets/PolygonWestern/Prefabs/Buildings/SM_Bld_Sign_15.prefab
  artifactKey: Guid(19524129886f148458d9ab8ee87f0fac) Importer(815301076,1909f56bfc062723c751e8b465ee728b)
Number of updated assets reloaded before import = 0
Start importing Assets/PolygonWestern/Prefabs/Buildings/SM_Bld_Sign_15.prefab using Guid(19524129886f148458d9ab8ee87f0fac) Importer(815301076,1909f56bfc062723c751e8b465ee728b)  -> (artifact id: 'ec440a304531b9d360a52842a51c1fc2') in 0.010452 seconds 
Number of asset objects unloaded after import = 10
========================================================================
Received Import Request.
  Time since last request: 0.000039 seconds.
  path: Assets/PolygonWestern/Prefabs/Buildings/SM_Bld_Double_Roof_02.prefab
  artifactKey: Guid(9a45416bd066062409368eb7347cb3b5) Importer(815301076,1909f56bfc062723c751e8b465ee728b)
Number of updated assets reloaded before import = 0
Start importing Assets/PolygonWestern/Prefabs/Buildings/SM_Bld_Double_Roof_02.prefab using Guid(9a45416bd066062409368eb7347cb3b5) Importer(815301076,1909f56bfc062723c751e8b465ee728b)  -> (artifact id: '1263a569416486c2b508341c1532bb8f') in 0.020951 seconds 
Number of asset objects unloaded after import = 12
========================================================================
Received Import Request.
  Time since last request: 0.000019 seconds.
  path: Assets/PolygonWestern/Prefabs/Buildings/SM_Bld_Sign_12.prefab
  artifactKey: Guid(0ed6163d4c6b6fd469e7416e06cd8093) Importer(815301076,1909f56bfc062723c751e8b465ee728b)
Number of updated assets reloaded before import = 0
Start importing Assets/PolygonWestern/Prefabs/Buildings/SM_Bld_Sign_12.prefab using Guid(0ed6163d4c6b6fd469e7416e06cd8093) Importer(815301076,1909f56bfc062723c751e8b465ee728b)  -> (artifact id: '4997c4f1a2e533a150f7d3f1b9108016') in 0.011005 seconds 
Number of asset objects unloaded after import = 10
========================================================================
Received Import Request.
  Time since last request: 0.000021 seconds.
  path: Assets/PolygonWestern/Prefabs/Buildings/SM_Bld_Sign_13.prefab
  artifactKey: Guid(74e92a53ead96a341b26f6e6047792cc) Importer(815301076,1909f56bfc062723c751e8b465ee728b)
Number of updated assets reloaded before import = 0
Start importing Assets/PolygonWestern/Prefabs/Buildings/SM_Bld_Sign_13.prefab using Guid(74e92a53ead96a341b26f6e6047792cc) Importer(815301076,1909f56bfc062723c751e8b465ee728b)  -> (artifact id: '016f44fc223884f4637b47850873970d') in 0.014030 seconds 
Number of asset objects unloaded after import = 10
========================================================================
Received Import Request.
  Time since last request: 0.000020 seconds.
  path: Assets/PolygonWestern/Prefabs/Buildings/SM_Bld_Double_Facade_05.prefab
  artifactKey: Guid(811e17bfca06a96439df8ab33e906d58) Importer(815301076,1909f56bfc062723c751e8b465ee728b)
Number of updated assets reloaded before import = 0
Start importing Assets/PolygonWestern/Prefabs/Buildings/SM_Bld_Double_Facade_05.prefab using Guid(811e17bfca06a96439df8ab33e906d58) Importer(815301076,1909f56bfc062723c751e8b465ee728b)  -> (artifact id: 'b2586d3f361332429fd443cd20631f6f') in 0.017499 seconds 
Number of asset objects unloaded after import = 12
========================================================================
Received Import Request.
  Time since last request: 0.000021 seconds.
  path: Assets/PolygonWestern/Prefabs/Buildings/SM_Bld_Sign_09.prefab
  artifactKey: Guid(29c5232bcbcf1c2498dc6b54c6487753) Importer(815301076,1909f56bfc062723c751e8b465ee728b)
Number of updated assets reloaded before import = 0
Start importing Assets/PolygonWestern/Prefabs/Buildings/SM_Bld_Sign_09.prefab using Guid(29c5232bcbcf1c2498dc6b54c6487753) Importer(815301076,1909f56bfc062723c751e8b465ee728b)  -> (artifact id: 'bc1091fbb26a006a02f2d2a9ae05df1a') in 0.011847 seconds 
Number of asset objects unloaded after import = 10
========================================================================
Received Import Request.
  Time since last request: 0.000022 seconds.
  path: Assets/PolygonWestern/Prefabs/Buildings/SM_Bld_Sign_05.prefab
  artifactKey: Guid(37e41372ced6c2c4b96a7767ef4f194d) Importer(815301076,1909f56bfc062723c751e8b465ee728b)
Number of updated assets reloaded before import = 0
Start importing Assets/PolygonWestern/Prefabs/Buildings/SM_Bld_Sign_05.prefab using Guid(37e41372ced6c2c4b96a7767ef4f194d) Importer(815301076,1909f56bfc062723c751e8b465ee728b)  -> (artifact id: 'a1f82edf0111e0924a4a74160903b059') in 0.010606 seconds 
Number of asset objects unloaded after import = 10
========================================================================
Received Import Request.
  Time since last request: 0.000032 seconds.
  path: Assets/PolygonWestern/Prefabs/Buildings/SM_Bld_Sign_07.prefab
  artifactKey: Guid(83a3f332d4b3e0245b9283e277e4ddec) Importer(815301076,1909f56bfc062723c751e8b465ee728b)
Number of updated assets reloaded before import = 0
Start importing Assets/PolygonWestern/Prefabs/Buildings/SM_Bld_Sign_07.prefab using Guid(83a3f332d4b3e0245b9283e277e4ddec) Importer(815301076,1909f56bfc062723c751e8b465ee728b)  -> (artifact id: '5670d07a9723d4ba6bfd07e16d3f4aa9') in 0.012564 seconds 
Number of asset objects unloaded after import = 10
========================================================================
Received Import Request.
  Time since last request: 0.000033 seconds.
  path: Assets/PolygonWestern/Prefabs/Buildings/SM_Bld_Large_01.prefab
  artifactKey: Guid(a3af1a48965998a4b99b23a6aa8a9e9f) Importer(815301076,1909f56bfc062723c751e8b465ee728b)
Number of updated assets reloaded before import = 0
Start importing Assets/PolygonWestern/Prefabs/Buildings/SM_Bld_Large_01.prefab using Guid(a3af1a48965998a4b99b23a6aa8a9e9f) Importer(815301076,1909f56bfc062723c751e8b465ee728b)  -> (artifact id: '6145be824a24d24af8af061895fd0041') in 0.017584 seconds 
Number of asset objects unloaded after import = 24
========================================================================
Received Import Request.
  Time since last request: 29.120583 seconds.
  path: Assets/PolygonWestern/Prefabs/Buildings/SM_Bld_Single_01.prefab
  artifactKey: Guid(ed2f947edb4f7a84eb4b7f095fd00a3a) Importer(815301076,1909f56bfc062723c751e8b465ee728b)
Number of updated assets reloaded before import = 0
Start importing Assets/PolygonWestern/Prefabs/Buildings/SM_Bld_Single_01.prefab using Guid(ed2f947edb4f7a84eb4b7f095fd00a3a) Importer(815301076,1909f56bfc062723c751e8b465ee728b)  -> (artifact id: '8a8f611a51fa7839eceb67434d234e8b') in 0.039496 seconds 
Number of asset objects unloaded after import = 13
========================================================================
Received Import Request.
  Time since last request: 0.000028 seconds.
  path: Assets/PolygonWestern/Prefabs/Buildings/SM_Bld_Single_Facade_05.prefab
  artifactKey: Guid(ee05542214d667f44af25782f3d6ba70) Importer(815301076,1909f56bfc062723c751e8b465ee728b)
Number of updated assets reloaded before import = 0
Start importing Assets/PolygonWestern/Prefabs/Buildings/SM_Bld_Single_Facade_05.prefab using Guid(ee05542214d667f44af25782f3d6ba70) Importer(815301076,1909f56bfc062723c751e8b465ee728b)  -> (artifact id: 'ade6d8101c1f038b7ef910c8b5aab6e4') in 0.082364 seconds 
Number of asset objects unloaded after import = 12
========================================================================
Received Import Request.
  Time since last request: 0.000020 seconds.
  path: Assets/PolygonWestern/Prefabs/Buildings/SM_Bld_Single_Deck_01.prefab
  artifactKey: Guid(a0cfa537baaa2f3449d2a78af5339b47) Importer(815301076,1909f56bfc062723c751e8b465ee728b)
Number of updated assets reloaded before import = 0
Start importing Assets/PolygonWestern/Prefabs/Buildings/SM_Bld_Single_Deck_01.prefab using Guid(a0cfa537baaa2f3449d2a78af5339b47) Importer(815301076,1909f56bfc062723c751e8b465ee728b)  -> (artifact id: 'ceedb5c9db821ef53f47914fbb8dd09a') in 0.021456 seconds 
Number of asset objects unloaded after import = 12
========================================================================
Received Import Request.
  Time since last request: 0.000027 seconds.
  path: Assets/PolygonWestern/Prefabs/Buildings/SM_Bld_Single_Facade_03.prefab
  artifactKey: Guid(855a7ec7a8bbc9d41b6ba3da1ff74db4) Importer(815301076,1909f56bfc062723c751e8b465ee728b)
Number of updated assets reloaded before import = 0
Start importing Assets/PolygonWestern/Prefabs/Buildings/SM_Bld_Single_Facade_03.prefab using Guid(855a7ec7a8bbc9d41b6ba3da1ff74db4) Importer(815301076,1909f56bfc062723c751e8b465ee728b)  -> (artifact id: 'd7149e3590c2edd1e94c2b40de62e6d2') in 0.017304 seconds 
Number of asset objects unloaded after import = 12
========================================================================
Received Import Request.
  Time since last request: 0.000029 seconds.
  path: Assets/PolygonWestern/Prefabs/Buildings/SM_Bld_Single_Deck_02.prefab
  artifactKey: Guid(c30ef7e3273ac4a4cad9700ddfdef7af) Importer(815301076,1909f56bfc062723c751e8b465ee728b)
Number of updated assets reloaded before import = 0
Start importing Assets/PolygonWestern/Prefabs/Buildings/SM_Bld_Single_Deck_02.prefab using Guid(c30ef7e3273ac4a4cad9700ddfdef7af) Importer(815301076,1909f56bfc062723c751e8b465ee728b)  -> (artifact id: '408974d98c7b054b781fe4d65e58c915') in 0.019114 seconds 
Number of asset objects unloaded after import = 12
========================================================================
Received Import Request.
  Time since last request: 0.000044 seconds.
  path: Assets/PolygonWestern/Prefabs/Buildings/SM_Bld_Single_Facade_02.prefab
  artifactKey: Guid(13fe64e158276eb418c0415722044511) Importer(815301076,1909f56bfc062723c751e8b465ee728b)
Number of updated assets reloaded before import = 0
Start importing Assets/PolygonWestern/Prefabs/Buildings/SM_Bld_Single_Facade_02.prefab using Guid(13fe64e158276eb418c0415722044511) Importer(815301076,1909f56bfc062723c751e8b465ee728b)  -> (artifact id: '4891246f642a3b5cec1f9a66e23e8937') in 0.018134 seconds 
Number of asset objects unloaded after import = 12
========================================================================
Received Import Request.
  Time since last request: 1.739560 seconds.
  path: Assets/PolygonWestern/Prefabs/Buildings/SM_Bld_Single_Front_01.prefab
  artifactKey: Guid(9bcd2d188cba03d4486aea681a8286e5) Importer(815301076,1909f56bfc062723c751e8b465ee728b)
Number of updated assets reloaded before import = 0
Start importing Assets/PolygonWestern/Prefabs/Buildings/SM_Bld_Single_Front_01.prefab using Guid(9bcd2d188cba03d4486aea681a8286e5) Importer(815301076,1909f56bfc062723c751e8b465ee728b)  -> (artifact id: '9872e18c12a08c709c98aef261477283') in 0.032571 seconds 
Number of asset objects unloaded after import = 30
========================================================================
Received Import Request.
  Time since last request: 0.000045 seconds.
  path: Assets/PolygonWestern/Prefabs/Buildings/SM_Bld_Tower_01.prefab
  artifactKey: Guid(f25c27b7a1bf7b749aafe3e69b5fce44) Importer(815301076,1909f56bfc062723c751e8b465ee728b)
Number of updated assets reloaded before import = 0
Start importing Assets/PolygonWestern/Prefabs/Buildings/SM_Bld_Tower_01.prefab using Guid(f25c27b7a1bf7b749aafe3e69b5fce44) Importer(815301076,1909f56bfc062723c751e8b465ee728b)  -> (artifact id: 'f842e97c984a9c489806d2fc27ca739d') in 0.028171 seconds 
Number of asset objects unloaded after import = 12
========================================================================
Received Import Request.
  Time since last request: 0.000025 seconds.
  path: Assets/PolygonWestern/Prefabs/Buildings/SM_Bld_Single_Front_04.prefab
  artifactKey: Guid(743c60e622805504b94b1d671a28f89b) Importer(815301076,1909f56bfc062723c751e8b465ee728b)
Number of updated assets reloaded before import = 0
Start importing Assets/PolygonWestern/Prefabs/Buildings/SM_Bld_Single_Front_04.prefab using Guid(743c60e622805504b94b1d671a28f89b) Importer(815301076,1909f56bfc062723c751e8b465ee728b)  -> (artifact id: '459b977de6c2bf97cc1ae2103f00833d') in 0.028262 seconds 
Number of asset objects unloaded after import = 17
========================================================================
Received Import Request.
  Time since last request: 0.000049 seconds.
  path: Assets/PolygonWestern/Prefabs/Buildings/SM_Bld_Single_Roof_02.prefab
  artifactKey: Guid(7ed56fac4f66fd04e929e5a4da2aa038) Importer(815301076,1909f56bfc062723c751e8b465ee728b)
Number of updated assets reloaded before import = 0
Start importing Assets/PolygonWestern/Prefabs/Buildings/SM_Bld_Single_Roof_02.prefab using Guid(7ed56fac4f66fd04e929e5a4da2aa038) Importer(815301076,1909f56bfc062723c751e8b465ee728b)  -> (artifact id: 'eb2071c4d41c9618bd5f2e6808cb2eb2') in 0.025791 seconds 
Number of asset objects unloaded after import = 12
========================================================================
Received Import Request.
  Time since last request: 1.395162 seconds.
  path: Assets/PolygonWestern/Prefabs/Buildings/SM_Bld_Water_Tower_01.prefab
  artifactKey: Guid(7c1021e011fe0c54abeb05fcb2447989) Importer(815301076,1909f56bfc062723c751e8b465ee728b)
Number of updated assets reloaded before import = 0
Start importing Assets/PolygonWestern/Prefabs/Buildings/SM_Bld_Water_Tower_01.prefab using Guid(7c1021e011fe0c54abeb05fcb2447989) Importer(815301076,1909f56bfc062723c751e8b465ee728b)  -> (artifact id: '4981c40e48c04b655c087792c215fb12') in 0.023488 seconds 
Number of asset objects unloaded after import = 14
Editor requested this worker to shutdown with reason: Scaling down because of idle timeout
AssetImportWorker is now disconnected from the server
Process exiting
Exiting without the bug reporter. Application will terminate with return code 0